# JRE version: OpenJDK Runtime Environment Microsoft-8035246 (17.0.8+7) (build 17.0.8+7-LTS)
# Java VM: OpenJDK 64-Bit Server VM Microsoft-8035246 (17.0.8+7-LTS, mixed mode, sharing, tiered, compressed oops, compressed class ptrs, g1 gc, windows-amd64)
GC Precious Log:
 CPUs: 12 total, 12 available
 Memory: 7863M
 Large Page Support: Disabled
 NUMA Support: Disabled
 Compressed Oops: Enabled (32-bit)
 Heap Region Size: 1M
 Heap Min Capacity: 8M
 Heap Initial Capacity: 124M
 Heap Max Capacity: 2G
 Pre-touch: Disabled
 Parallel Workers: 10
 Concurrent Workers: 3
 Concurrent Refinement Workers: 10
 Periodic GC: Disabled
Heap:
 garbage-first heap   total 304128K, used 195628K [0x0000000080000000, 0x0000000100000000)
  region size 1024K, 23 young (23552K), 8 survivors (8192K)
 Metaspace       used 107101K, committed 108352K, reserved 557056K
  class space    used 14915K, committed 15488K, reserved 425984K
GC Heap History (20 events):
Event: 57.382 GC heap before
{Heap before GC invocations=65 (full 0):
 garbage-first heap   total 230400K, used 190930K [0x0000000080000000, 0x0000000100000000)
  region size 1024K, 39 young (39936K), 2 survivors (2048K)
 Metaspace       used 102741K, committed 103936K, reserved 557056K
  class space    used 14342K, committed 14912K, reserved 425984K
}
Event: 57.390 GC heap after
{Heap after GC invocations=66 (full 0):
 garbage-first heap   total 230400K, used 156970K [0x0000000080000000, 0x0000000100000000)
  region size 1024K, 5 young (5120K), 5 survivors (5120K)
 Metaspace       used 102741K, committed 103936K, reserved 557056K
  class space    used 14342K, committed 14912K, reserved 425984K
}
Event: 58.357 GC heap before
{Heap before GC invocations=66 (full 0):
 garbage-first heap   total 230400K, used 191786K [0x0000000080000000, 0x0000000100000000)
  region size 1024K, 39 young (39936K), 5 survivors (5120K)
 Metaspace       used 104296K, committed 105472K, reserved 557056K
  class space    used 14531K, committed 15104K, reserved 425984K
}
Event: 58.364 GC heap after
{Heap after GC invocations=67 (full 0):
 garbage-first heap   total 230400K, used 161382K [0x0000000080000000, 0x0000000100000000)
  region size 1024K, 5 young (5120K), 5 survivors (5120K)
 Metaspace       used 104296K, committed 105472K, reserved 557056K
  class space    used 14531K, committed 15104K, reserved 425984K
}
Event: 58.997 GC heap before
{Heap before GC invocations=67 (full 0):
 garbage-first heap   total 230400K, used 193126K [0x0000000080000000, 0x0000000100000000)
  region size 1024K, 36 young (36864K), 5 survivors (5120K)
 Metaspace       used 104886K, committed 106112K, reserved 557056K
  class space    used 14592K, committed 15168K, reserved 425984K
}
Event: 59.004 GC heap after
{Heap after GC invocations=68 (full 0):
 garbage-first heap   total 230400K, used 165225K [0x0000000080000000, 0x0000000100000000)
  region size 1024K, 4 young (4096K), 4 survivors (4096K)
 Metaspace       used 104886K, committed 106112K, reserved 557056K
  class space    used 14592K, committed 15168K, reserved 425984K
}
Event: 59.547 GC heap before
{Heap before GC invocations=68 (full 0):
 garbage-first heap   total 230400K, used 193897K [0x0000000080000000, 0x0000000100000000)
  region size 1024K, 32 young (32768K), 4 survivors (4096K)
 Metaspace       used 105006K, committed 106240K, reserved 557056K
  class space    used 14592K, committed 15168K, reserved 425984K
}
Event: 59.552 GC heap after
{Heap after GC invocations=69 (full 0):
 garbage-first heap   total 230400K, used 167583K [0x0000000080000000, 0x0000000100000000)
  region size 1024K, 3 young (3072K), 3 survivors (3072K)
 Metaspace       used 105006K, committed 106240K, reserved 557056K
  class space    used 14592K, committed 15168K, reserved 425984K
}
Event: 59.956 GC heap before
{Heap before GC invocations=69 (full 0):
 garbage-first heap   total 230400K, used 195231K [0x0000000080000000, 0x0000000100000000)
  region size 1024K, 30 young (30720K), 3 survivors (3072K)
 Metaspace       used 105331K, committed 106624K, reserved 557056K
  class space    used 14633K, committed 15232K, reserved 425984K
}
Event: 59.961 GC heap after
{Heap after GC invocations=70 (full 0):
 garbage-first heap   total 230400K, used 170621K [0x0000000080000000, 0x0000000100000000)
  region size 1024K, 4 young (4096K), 4 survivors (4096K)
 Metaspace       used 105331K, committed 106624K, reserved 557056K
  class space    used 14633K, committed 15232K, reserved 425984K
}
Event: 60.389 GC heap before
{Heap before GC invocations=70 (full 0):
 garbage-first heap   total 230400K, used 196221K [0x0000000080000000, 0x0000000100000000)
  region size 1024K, 29 young (29696K), 4 survivors (4096K)
 Metaspace       used 106142K, committed 107392K, reserved 557056K
  class space    used 14790K, committed 15360K, reserved 425984K
}
Event: 60.394 GC heap after
{Heap after GC invocations=71 (full 0):
 garbage-first heap   total 230400K, used 173699K [0x0000000080000000, 0x0000000100000000)
  region size 1024K, 3 young (3072K), 3 survivors (3072K)
 Metaspace       used 106142K, committed 107392K, reserved 557056K
  class space    used 14790K, committed 15360K, reserved 425984K
}
Event: 60.721 GC heap before
{Heap before GC invocations=71 (full 0):
 garbage-first heap   total 230400K, used 196227K [0x0000000080000000, 0x0000000100000000)
  region size 1024K, 26 young (26624K), 3 survivors (3072K)
 Metaspace       used 106529K, committed 107840K, reserved 557056K
  class space    used 14863K, committed 15488K, reserved 425984K
}
Event: 60.726 GC heap after
{Heap after GC invocations=72 (full 0):
 garbage-first heap   total 230400K, used 174817K [0x0000000080000000, 0x0000000100000000)
  region size 1024K, 2 young (2048K), 2 survivors (2048K)
 Metaspace       used 106529K, committed 107840K, reserved 557056K
  class space    used 14863K, committed 15488K, reserved 425984K
}
Event: 61.123 GC heap before
{Heap before GC invocations=73 (full 0):
 garbage-first heap   total 304128K, used 191201K [0x0000000080000000, 0x0000000100000000)
  region size 1024K, 19 young (19456K), 2 survivors (2048K)
 Metaspace       used 106622K, committed 107904K, reserved 557056K
  class space    used 14863K, committed 15488K, reserved 425984K
}
Event: 61.126 GC heap after
{Heap after GC invocations=74 (full 0):
 garbage-first heap   total 304128K, used 175191K [0x0000000080000000, 0x0000000100000000)
  region size 1024K, 2 young (2048K), 2 survivors (2048K)
 Metaspace       used 106622K, committed 107904K, reserved 557056K
  class space    used 14863K, committed 15488K, reserved 425984K
}
Event: 61.322 GC heap before
{Heap before GC invocations=74 (full 0):
 garbage-first heap   total 304128K, used 186455K [0x0000000080000000, 0x0000000100000000)
  region size 1024K, 14 young (14336K), 2 survivors (2048K)
 Metaspace       used 106706K, committed 107968K, reserved 557056K
  class space    used 14863K, committed 15488K, reserved 425984K
}
Event: 61.326 GC heap after
{Heap after GC invocations=75 (full 0):
 garbage-first heap   total 304128K, used 174644K [0x0000000080000000, 0x0000000100000000)
  region size 1024K, 2 young (2048K), 2 survivors (2048K)
 Metaspace       used 106706K, committed 107968K, reserved 557056K
  class space    used 14863K, committed 15488K, reserved 425984K
}
Event: 62.617 GC heap before
{Heap before GC invocations=75 (full 0):
 garbage-first heap   total 304128K, used 252468K [0x0000000080000000, 0x0000000100000000)
  region size 1024K, 79 young (80896K), 2 survivors (2048K)
 Metaspace       used 107076K, committed 108352K, reserved 557056K
  class space    used 14915K, committed 15488K, reserved 425984K
}
Event: 62.624 GC heap after
{Heap after GC invocations=76 (full 0):
 garbage-first heap   total 304128K, used 181292K [0x0000000080000000, 0x0000000100000000)
  region size 1024K, 8 young (8192K), 8 survivors (8192K)
 Metaspace       used 107076K, committed 108352K, reserved 557056K
  class space    used 14915K, committed 15488K, reserved 425984K
}

